0 info it worked if it ends with ok
1 verbose cli [ '/usr/local/Cellar/node/5.10.1/bin/node',
1 verbose cli   '/usr/local/bin/npm',
1 verbose cli   'start' ]
2 info using npm@4.0.2
3 info using node@v7.2.0
4 verbose config Skipping project config: /Users/uk/.npmrc. (matches userconfig)
5 verbose stack Error: ENOENT: no such file or directory, open '/Users/uk/package.json'
6 verbose cwd /Users/uk/Desktop/development/ukserver2/uher.github.io
7 error Darwin 16.1.0
8 error argv "/usr/local/Cellar/node/5.10.1/bin/node" "/usr/local/bin/npm" "start"
9 error node v7.2.0
10 error npm  v4.0.2
11 error path /Users/uk/package.json
12 error code ENOENT
13 error errno -2
14 error syscall open
15 error enoent ENOENT: no such file or directory, open '/Users/uk/package.json'
16 error enoent ENOENT: no such file or directory, open '/Users/uk/package.json'
16 error enoent This is most likely not a problem with npm itself
16 error enoent and is related to npm not being able to find a file.
17 verbose exit [ -2, true ]
